09:27:43 0994 info 12CC # loadXml:/home/anderson/work/svn/grace/trunk/robot/agv_shell/standard/agv_shell.xml
09:27:43 0994 info 12CC # loadXml auto_startup:0
09:27:43 0994 info 12CC # loadXml port:4410
09:27:43 0994 info 12CC # loadXml fts port:4411
09:27:43 0994 info 12CC # loadXml fts fts_long_port port:4412
09:27:43 0994 info 12CC # loadXml fin
09:27:43 0995 info 12CC # success to lock file:/gzrobot/Visual2dCodeLoc.ini
09:27:43 0997 info 12CC # success to lock file:/etc/agv/var/dwheel.xml
09:27:43 0998 info 12CC # success to lock file:/etc/agv/var/swheel.xml
09:27:43 0998 error 12CC # failed to open version file:/gzrobot/version.txt.
09:27:43 0998 info 12CC # agvshell auto startup flag: 0 , upgrade flag:0
09:27:43 0999 info 12CC # agvshell start listening 4410 ...
09:27:43 0999 error 12CC # failed to create udp session object.
09:27:44 0002 info 12CC # interface num:2
09:27:44 0002 info 12CC # ndevice name:enp0s25
09:27:44 0002 info 12CC # device ip:192.168.0.29
09:27:44 0002 info 12CC # device mac:68:f7:28:98:5d:74
09:27:44 0002 error 12CC # file:/agvshell/standard/autostart.sh chmod failed, errno:2
09:27:47 0002 error 12EF # keep alive send package to vcu failed.
09:27:47 0002 error 12EF # keep alive send local info to fix ip failed.
09:27:50 0014 error 12EF # keep alive send package to vcu failed.
09:27:50 0015 error 12EF # keep alive send local info to fix ip failed.
09:27:53 0030 error 12EF # keep alive send package to vcu failed.
09:27:53 0030 error 12EF # keep alive send local info to fix ip failed.
