09:17:37 0796 info 0F02 # loadXml:/home/anderson/work/svn/grace/trunk/robot/agv_shell/standard/agv_shell.xml
09:17:37 0797 info 0F02 # loadXml auto_startup:0
09:17:37 0797 info 0F02 # loadXml port:4410
09:17:37 0797 info 0F02 # loadXml fts port:4411
09:17:37 0797 info 0F02 # loadXml fts fts_long_port port:4412
09:17:37 0797 info 0F02 # loadXml fin
09:17:37 0800 info 0F02 # success to lock file:/gzrobot/Visual2dCodeLoc.ini
09:17:37 0802 info 0F02 # success to lock file:/etc/agv/var/dwheel.xml
09:17:37 0803 info 0F02 # success to lock file:/etc/agv/var/swheel.xml
09:17:37 0803 error 0F02 # failed to open version file:/gzrobot/version.txt.
09:17:37 0804 info 0F02 # agvshell auto startup flag: 0 , upgrade flag:0
09:17:37 0804 info 0F02 # agvshell start listening 4410 ...
09:17:37 0807 info 0F02 # interface num:2
09:17:37 0807 info 0F02 # ndevice name:enp0s25
09:17:37 0807 info 0F02 # device ip:192.168.0.29
09:17:37 0807 info 0F02 # device mac:68:f7:28:98:5d:74
09:17:37 0807 error 0F02 # file:/agvshell/standard/autostart.sh chmod failed, errno:2
09:17:40 0808 info 0F25 # send keep alive package to vcu successful.
09:17:40 0808 error 0F25 # keep alive send local info to fix ip failed.
09:17:43 0816 info 0F25 # send keep alive package to vcu successful.
09:17:43 0816 error 0F25 # keep alive send local info to fix ip failed.
09:17:46 0829 info 0F25 # send keep alive package to vcu successful.
09:17:46 0829 error 0F25 # keep alive send local info to fix ip failed.
09:17:49 0845 info 0F25 # send keep alive package to vcu successful.
09:17:49 0845 error 0F25 # keep alive send local info to fix ip failed.
09:17:52 0857 info 0F25 # send keep alive package to vcu successful.
09:17:52 0857 error 0F25 # keep alive send local info to fix ip failed.
09:17:55 0871 info 0F25 # send keep alive package to vcu successful.
09:17:55 0871 error 0F25 # keep alive send local info to fix ip failed.
09:17:58 0882 info 0F25 # send keep alive package to vcu successful.
09:17:58 0882 error 0F25 # keep alive send local info to fix ip failed.
09:18:01 0891 info 0F25 # send keep alive package to vcu successful.
09:18:01 0891 error 0F25 # keep alive send local info to fix ip failed.
09:18:04 0906 info 0F25 # send keep alive package to vcu successful.
09:18:04 0906 error 0F25 # keep alive send local info to fix ip failed.
09:18:07 0919 info 0F25 # send keep alive package to vcu successful.
09:18:07 0919 error 0F25 # keep alive send local info to fix ip failed.
09:18:10 0931 info 0F25 # send keep alive package to vcu successful.
09:18:10 0931 error 0F25 # keep alive send local info to fix ip failed.
09:18:13 0942 info 0F25 # send keep alive package to vcu successful.
09:18:13 0942 error 0F25 # keep alive send local info to fix ip failed.
09:18:16 0954 info 0F25 # send keep alive package to vcu successful.
09:18:16 0954 error 0F25 # keep alive send local info to fix ip failed.
09:18:19 0968 info 0F25 # send keep alive package to vcu successful.
09:18:19 0968 error 0F25 # keep alive send local info to fix ip failed.
09:18:22 0979 info 0F25 # send keep alive package to vcu successful.
09:18:22 0979 error 0F25 # keep alive send local info to fix ip failed.
09:18:25 0991 info 0F25 # send keep alive package to vcu successful.
09:18:25 0991 error 0F25 # keep alive send local info to fix ip failed.
