13:38:57 0597 info 2CC9 # agv_shell starting... uptime[18288785]
13:38:57 0600 info 2CC9 # loadXml:/home/anderson/work/svn/grace/trunk/robot/agv_shell/standard/agv_shell.xml
13:38:57 0608 info 2CC9 # loadXml auto_startup:0
13:38:57 0608 info 2CC9 # loadXml port:4410
13:38:57 0608 info 2CC9 # loadXml fts port:4411
13:38:57 0608 info 2CC9 # loadXml fts fts_long_port port:4412
13:38:57 0608 info 2CC9 # loadXml fin
13:38:57 0628 info 2CC9 # success to lock file:/gzrobot/Visual2dCodeLoc.ini
13:38:57 0641 info 2CC9 # success to lock file:/etc/agv/var/dwheel.xml
13:38:57 0643 info 2CC9 # success to lock file:/etc/agv/var/swheel.xml
13:38:57 0643 error 2CC9 # failed to open version file:/gzrobot/version.txt.
13:38:57 0643 error 2CC9 # failed to open version file:/gzrobot/version_config.txt.
13:38:57 0643 info 2CC9 # agvshell auto startup flag: 0 , upgrade flag:0
13:38:57 0664 info 2CC9 # agvshell start listening 4410 ...
13:38:57 0667 info 2CC9 # interface num:2
13:38:57 0667 info 2CC9 # ndevice name:enp0s25
13:38:57 0667 info 2CC9 # device ip:192.168.0.29
13:38:57 0667 info 2CC9 # device mac:68:f7:28:98:5d:74
13:38:57 0667 info 2CC9 # run_process_by_popen start running..
13:38:57 0667 error 2CC9 # file:/agvshell/standard/autostart.sh chmod failed, errno:2
