13:40:48 0196 info 2D9F # agv_shell starting... uptime[18399383]
13:40:48 0200 info 2D9F # loadXml:/home/anderson/work/svn/grace/trunk/robot/agv_shell/standard/agv_shell.xml
13:40:48 0200 info 2D9F # loadXml auto_startup:0
13:40:48 0200 info 2D9F # loadXml port:4410
13:40:48 0200 info 2D9F # loadXml fts port:4411
13:40:48 0200 info 2D9F # loadXml fts fts_long_port port:4412
13:40:48 0200 info 2D9F # loadXml fin
13:40:48 0203 info 2D9F # success to lock file:/gzrobot/Visual2dCodeLoc.ini
13:40:48 0206 info 2D9F # success to lock file:/etc/agv/var/dwheel.xml
13:40:48 0209 info 2D9F # success to lock file:/etc/agv/var/swheel.xml
13:40:48 0209 error 2D9F # failed to open version file:/gzrobot/version.txt.
13:40:48 0209 error 2D9F # failed to open version file:/gzrobot/version_config.txt.
13:40:48 0209 info 2D9F # agvshell auto startup flag: 0 , upgrade flag:0
13:40:48 0211 info 2D9F # agvshell start listening 4410 ...
13:40:48 0215 info 2D9F # interface num:2
13:40:48 0215 info 2D9F # ndevice name:enp0s25
13:40:48 0215 info 2D9F # device ip:192.168.0.29
13:40:48 0215 info 2D9F # device mac:68:f7:28:98:5d:74
13:40:48 0215 info 2D9F # run_process_by_popen start running..
13:40:48 0215 error 2D9F # file:/agvshell/standard/autostart.sh chmod failed, errno:2
