16:08:30 0432 info 67EF # agv_shell starting... uptime[27261620]
16:08:30 0434 info 67EF # loadXml:/home/anderson/work/svn/grace/trunk/robot/agv_shell/standard/agv_shell.xml
16:08:30 0435 info 67EF # loadXml auto_startup:0
16:08:30 0435 info 67EF # loadXml port:4410
16:08:30 0435 info 67EF # loadXml fts port:4411
16:08:30 0435 info 67EF # loadXml fts fts_long_port port:4412
16:08:30 0435 info 67EF # loadXml fin
16:08:30 0436 info 67EF # success to lock file:/gzrobot/Visual2dCodeLoc.ini
16:08:30 0438 info 67EF # success to lock file:/etc/agv/var/dwheel.xml
16:08:30 0440 info 67EF # success to lock file:/etc/agv/var/swheel.xml
16:08:30 0440 error 67EF # failed to open version file:/gzrobot/version.txt.
16:08:30 0440 error 67EF # failed to open version file:/gzrobot/version_config.txt.
16:08:30 0440 info 67EF # agvshell auto startup flag: 0 , upgrade flag:0
16:08:30 0441 info 67EF # agvshell start listening 4410 ...
16:08:30 0443 info 67EF # interface num:2
16:08:30 0443 info 67EF # ndevice name:enp0s25
16:08:30 0443 info 67EF # device ip:192.168.0.29
16:08:30 0443 info 67EF # device mac:68:f7:28:98:5d:74
16:08:30 0443 info 67EF # run_process_by_popen start running..
16:08:30 0443 error 67EF # file:/agvshell/standard/autostart.sh chmod failed, errno:2
