15:58:02 0385 info 6647 # agv_shell starting... uptime[26633572]
15:58:02 0388 info 6647 # loadXml:/home/anderson/work/svn/grace/trunk/robot/agv_shell/standard/agv_shell.xml
15:58:02 0388 info 6647 # loadXml auto_startup:0
15:58:02 0388 info 6647 # loadXml port:4410
15:58:02 0388 info 6647 # loadXml fts port:4411
15:58:02 0388 info 6647 # loadXml fts fts_long_port port:4412
15:58:02 0388 info 6647 # loadXml fin
15:58:02 0391 info 6647 # success to lock file:/gzrobot/Visual2dCodeLoc.ini
15:58:02 0395 info 6647 # success to lock file:/etc/agv/var/dwheel.xml
15:58:02 0397 info 6647 # success to lock file:/etc/agv/var/swheel.xml
15:58:02 0398 error 6647 # failed to open version file:/gzrobot/version.txt.
15:58:02 0398 error 6647 # failed to open version file:/gzrobot/version_config.txt.
15:58:02 0398 info 6647 # agvshell auto startup flag: 0 , upgrade flag:0
15:58:02 0399 info 6647 # agvshell start listening 4410 ...
15:58:02 0403 info 6647 # interface num:2
15:58:02 0403 info 6647 # ndevice name:enp0s25
15:58:02 0403 info 6647 # device ip:192.168.0.29
15:58:02 0403 info 6647 # device mac:68:f7:28:98:5d:74
15:58:02 0403 info 6647 # run_process_by_popen start running..
15:58:02 0403 error 6647 # file:/agvshell/standard/autostart.sh chmod failed, errno:2
