09:26:41 0369 info 11DB # loadXml:/home/anderson/work/svn/grace/trunk/robot/agv_shell/standard/agv_shell.xml
09:26:41 0370 info 11DB # loadXml auto_startup:0
09:26:41 0370 info 11DB # loadXml port:4410
09:26:41 0370 info 11DB # loadXml fts port:4411
09:26:41 0370 info 11DB # loadXml fts fts_long_port port:4412
09:26:41 0370 info 11DB # loadXml fin
09:26:41 0376 info 11DB # success to lock file:/gzrobot/Visual2dCodeLoc.ini
09:26:41 0378 info 11DB # success to lock file:/etc/agv/var/dwheel.xml
09:26:41 0380 info 11DB # success to lock file:/etc/agv/var/swheel.xml
09:26:41 0380 error 11DB # failed to open version file:/gzrobot/version.txt.
09:26:41 0380 info 11DB # agvshell auto startup flag: 0 , upgrade flag:0
09:26:41 0381 info 11DB # agvshell start listening 4410 ...
09:26:41 0381 error 11DB # failed to create udp session object.
09:26:41 0384 info 11DB # interface num:2
09:26:41 0384 info 11DB # ndevice name:enp0s25
09:26:41 0384 info 11DB # device ip:192.168.0.29
09:26:41 0384 info 11DB # device mac:68:f7:28:98:5d:74
09:26:41 0384 error 11DB # file:/agvshell/standard/autostart.sh chmod failed, errno:2
09:26:44 0385 error 11FE # keep alive send package to vcu failed.
09:26:44 0385 error 11FE # keep alive send local info to fix ip failed.
09:26:47 0395 error 11FE # keep alive send package to vcu failed.
09:26:47 0395 error 11FE # keep alive send local info to fix ip failed.
09:26:50 0410 error 11FE # keep alive send package to vcu failed.
09:26:50 0410 error 11FE # keep alive send local info to fix ip failed.
09:26:53 0422 error 11FE # keep alive send package to vcu failed.
09:26:53 0423 error 11FE # keep alive send local info to fix ip failed.
