09:41:26 0174 info 1433 # loadXml:/home/anderson/work/svn/grace/trunk/robot/agv_shell/standard/agv_shell.xml
09:41:26 0174 info 1433 # loadXml auto_startup:0
09:41:26 0174 info 1433 # loadXml port:4410
09:41:26 0174 info 1433 # loadXml fts port:4411
09:41:26 0174 info 1433 # loadXml fts fts_long_port port:4412
09:41:26 0175 info 1433 # loadXml fin
09:41:26 0178 info 1433 # success to lock file:/gzrobot/Visual2dCodeLoc.ini
09:41:26 0181 info 1433 # success to lock file:/etc/agv/var/dwheel.xml
09:41:26 0184 info 1433 # success to lock file:/etc/agv/var/swheel.xml
09:41:26 0184 error 1433 # failed to open version file:/gzrobot/version.txt.
09:41:26 0184 info 1433 # agvshell auto startup flag: 0 , upgrade flag:0
09:41:26 0185 info 1433 # agvshell start listening 4410 ...
09:41:26 0190 info 1433 # interface num:2
09:41:26 0190 info 1433 # ndevice name:enp0s25
09:41:26 0190 info 1433 # device ip:192.168.0.29
09:41:26 0190 info 1433 # device mac:68:f7:28:98:5d:74
09:41:26 0190 error 1433 # file:/agvshell/standard/autostart.sh chmod failed, errno:2
09:41:29 0190 error 1456 # keep alive send local info to fix ip failed.
09:41:32 0202 error 1456 # keep alive send local info to fix ip failed.
09:41:35 0213 error 1456 # keep alive send local info to fix ip failed.
09:41:38 0228 error 1456 # keep alive send local info to fix ip failed.
09:41:41 0244 error 1456 # keep alive send local info to fix ip failed.
09:41:44 0251 error 1456 # keep alive send local info to fix ip failed.
09:41:47 0267 error 1456 # keep alive send local info to fix ip failed.
09:41:50 0279 error 1456 # keep alive send local info to fix ip failed.
