09:27:15 0460 info 123D # loadXml:/home/anderson/work/svn/grace/trunk/robot/agv_shell/standard/agv_shell.xml
09:27:15 0460 info 123D # loadXml auto_startup:0
09:27:15 0460 info 123D # loadXml port:4410
09:27:15 0460 info 123D # loadXml fts port:4411
09:27:15 0460 info 123D # loadXml fts fts_long_port port:4412
09:27:15 0460 info 123D # loadXml fin
09:27:15 0463 info 123D # success to lock file:/gzrobot/Visual2dCodeLoc.ini
09:27:15 0466 info 123D # success to lock file:/etc/agv/var/dwheel.xml
09:27:15 0469 info 123D # success to lock file:/etc/agv/var/swheel.xml
09:27:15 0469 error 123D # failed to open version file:/gzrobot/version.txt.
09:27:15 0469 info 123D # agvshell auto startup flag: 0 , upgrade flag:0
09:27:15 0471 info 123D # agvshell start listening 4410 ...
09:27:15 0471 error 123D # failed to create udp session object.
09:27:15 0476 info 123D # interface num:2
09:27:15 0476 info 123D # ndevice name:enp0s25
09:27:15 0476 info 123D # device ip:192.168.0.29
09:27:15 0476 info 123D # device mac:68:f7:28:98:5d:74
09:27:15 0476 error 123D # file:/agvshell/standard/autostart.sh chmod failed, errno:2
09:27:18 0476 error 1260 # keep alive send package to vcu failed.
09:27:18 0477 error 1260 # keep alive send local info to fix ip failed.
09:27:21 0490 error 1260 # keep alive send package to vcu failed.
09:27:21 0490 error 1260 # keep alive send local info to fix ip failed.
09:27:24 0505 error 1260 # keep alive send package to vcu failed.
09:27:24 0505 error 1260 # keep alive send local info to fix ip failed.
