09:20:27 0190 info 10F7 # loadXml:/home/anderson/work/svn/grace/trunk/robot/agv_shell/standard/agv_shell.xml
09:20:27 0190 info 10F7 # loadXml auto_startup:0
09:20:27 0190 info 10F7 # loadXml port:4410
09:20:27 0190 info 10F7 # loadXml fts port:4411
09:20:27 0190 info 10F7 # loadXml fts fts_long_port port:4412
09:20:27 0191 info 10F7 # loadXml fin
09:20:27 0193 info 10F7 # success to lock file:/gzrobot/Visual2dCodeLoc.ini
09:20:27 0195 info 10F7 # success to lock file:/etc/agv/var/dwheel.xml
09:20:27 0198 info 10F7 # success to lock file:/etc/agv/var/swheel.xml
09:20:27 0198 error 10F7 # failed to open version file:/gzrobot/version.txt.
09:20:27 0198 info 10F7 # agvshell auto startup flag: 0 , upgrade flag:0
09:20:27 0200 info 10F7 # agvshell start listening 4410 ...
09:20:27 0203 info 10F7 # interface num:2
09:20:27 0204 info 10F7 # ndevice name:enp0s25
09:20:27 0204 info 10F7 # device ip:192.168.0.29
09:20:27 0204 info 10F7 # device mac:68:f7:28:98:5d:74
09:20:27 0204 error 10F7 # file:/agvshell/standard/autostart.sh chmod failed, errno:2
09:20:30 0204 info 111A # send keep alive package to vcu successful.
09:20:30 0204 error 111A # keep alive send local info to fix ip failed.
09:20:33 0215 info 111A # send keep alive package to vcu successful.
09:20:33 0215 error 111A # keep alive send local info to fix ip failed.
